Running: C:\Xilinx\14.7\ISE_DS\ISE\bin\nt64\unwrapped\fuse.exe -intstyle ise -incremental -lib secureip -o D:/Study/AUT/Term6/Computer Architecture/VHDL1/carray_save/carry_save_multiplier_test_isim_beh.exe -prj D:/Study/AUT/Term6/Computer Architecture/VHDL1/carray_save/carry_save_multiplier_test_beh.prj work.carry_save_multiplier_test 
ISim P.20131013 (signature 0x7708f090)
Number of CPUs detected in this system: 4
Turning on mult-threading, number of parallel sub-compilation jobs: 8 
Determining compilation order of HDL files
Parsing VHDL file "D:/Study/AUT/Term6/Computer Architecture/VHDL1/carray_save/half_adder.vhd" into library work
Parsing VHDL file "D:/Study/AUT/Term6/Computer Architecture/VHDL1/carray_save/full_adder.vhd" into library work
Parsing VHDL file "D:/Study/AUT/Term6/Computer Architecture/VHDL1/carray_save/carry_save_multiplier.vhd" into library work
Parsing VHDL file "D:/Study/AUT/Term6/Computer Architecture/VHDL1/carray_save/carry_save_multiplier_test.vhd" into library work
Starting static elaboration
Completed static elaboration
Compiling package standard
Compiling package std_logic_1164
Compiling package std_logic_arith
Compiling package std_logic_unsigned
Compiling package numeric_std
Compiling architecture behavioral of entity half_adder [half_adder_default]
Compiling architecture behavioral of entity Full_adder [full_adder_default]
Compiling architecture behavioral of entity carry_save_multiplier [carry_save_multiplier_default]
Compiling architecture behavioral of entity carry_save_multiplier_test
Time Resolution for simulation is 1ps.
Waiting for 1 sub-compilation(s) to finish...
Compiled 12 VHDL Units
Built simulation executable D:/Study/AUT/Term6/Computer Architecture/VHDL1/carray_save/carry_save_multiplier_test_isim_beh.exe
Fuse Memory Usage: 36876 KB
Fuse CPU Usage: 1108 ms
